DEPRECATION WARNING: config.action_view.debug_rjs will be removed in 3.1, from 3.1 onwards you will need to install prototype-rails to continue to use RJS templates . (called from service at /usr/local/lib/ruby/1.8/webrick/httpserver.rb:104)


Started GET "/test.html" for 127.0.0.1 at Sat Sep 24 09:01:26 -0700 2011

ActionController::RoutingError (No route matches "/test.html"):
  

Rendered /usr/local/lib/ruby/gems/1.8/gems/actionpack-3.0.8/lib/action_dispatch/middleware/templates/rescues/routing_error.erb within rescues/layout (1.6ms)


Started GET "/images/nav-border.gif" for 127.0.0.1 at Sat Sep 24 09:01:49 -0700 2011

ActionController::RoutingError (No route matches "/images/nav-border.gif"):
  

Rendered /usr/local/lib/ruby/gems/1.8/gems/actionpack-3.0.8/lib/action_dispatch/middleware/templates/rescues/routing_error.erb within rescues/layout (7.5ms)
  [1m[36mSQL (0.3ms)[0m  [1m SELECT name
 FROM sqlite_master
 WHERE type = 'table' AND NOT name = 'sqlite_sequence'
[0m
  [1m[35mSQL (0.1ms)[0m  select sqlite_version(*)
  [1m[36mSQL (2.6ms)[0m  [1mCREATE TABLE "schema_migrations" ("version" varchar(255) NOT NULL) [0m
  [1m[35mSQL (0.1ms)[0m  PRAGMA index_list("schema_migrations")
  [1m[36mSQL (1.3ms)[0m  [1mCREATE UNIQUE INDEX "unique_schema_migrations" ON "schema_migrations" ("version")[0m
  [1m[35mSQL (0.2ms)[0m   SELECT name
 FROM sqlite_master
 WHERE type = 'table' AND NOT name = 'sqlite_sequence'
  [1m[36mSQL (0.2ms)[0m  [1m SELECT name
 FROM sqlite_master
 WHERE type = 'table' AND NOT name = 'sqlite_sequence'
[0m
  [1m[35mSQL (0.1ms)[0m  SELECT "schema_migrations"."version" FROM "schema_migrations"
Migrating to CreateTours (20110922124706)
  [1m[36mSQL (0.7ms)[0m  [1mCREATE TABLE "tours" ("id" INTEGER PRIMARY KEY AUTOINCREMENT NOT NULL, "name" varchar(255), "desc" varchar(255), "created_at" datetime, "updated_at" datetime) [0m
  [1m[35mSQL (0.2ms)[0m  INSERT INTO "schema_migrations" ("version") VALUES ('20110922124706')
Migrating to CreatePlaces (20110922124841)
  [1m[36mSQL (0.5ms)[0m  [1mCREATE TABLE "places" ("id" INTEGER PRIMARY KEY AUTOINCREMENT NOT NULL, "name" varchar(255), "lat" varchar(255), "long" varchar(255), "created_at" datetime, "updated_at" datetime) [0m
  [1m[35mSQL (0.1ms)[0m  INSERT INTO "schema_migrations" ("version") VALUES ('20110922124841')
  [1m[36mSQL (1.6ms)[0m  [1m SELECT name
 FROM sqlite_master
 WHERE type = 'table' AND NOT name = 'sqlite_sequence'
[0m
  [1m[35mSQL (0.2ms)[0m  SELECT "schema_migrations"."version" FROM "schema_migrations"
  [1m[36mSQL (0.3ms)[0m  [1m SELECT name
 FROM sqlite_master
 WHERE type = 'table' AND NOT name = 'sqlite_sequence'
[0m
  [1m[35mSQL (0.1ms)[0m  PRAGMA index_list("places")
  [1m[36mSQL (0.1ms)[0m  [1mPRAGMA index_list("tours")[0m
  [1m[36mSQL (0.7ms)[0m  [1m SELECT name
 FROM sqlite_master
 WHERE type = 'table' AND NOT name = 'sqlite_sequence'
[0m
  [1m[35mSQL (0.2ms)[0m   SELECT name
 FROM sqlite_master
 WHERE type = 'table' AND NOT name = 'sqlite_sequence'
  [1m[36mSQL (0.2ms)[0m  [1mSELECT "schema_migrations"."version" FROM "schema_migrations"[0m
Migrating to CreateTours (20110922124706)
Migrating to CreatePlaces (20110922124841)
  [1m[35mSQL (0.2ms)[0m  select sqlite_version(*)
  [1m[36mSQL (0.3ms)[0m  [1m SELECT name
 FROM sqlite_master
 WHERE type = 'table' AND NOT name = 'sqlite_sequence'
[0m
  [1m[35mSQL (0.2ms)[0m  SELECT "schema_migrations"."version" FROM "schema_migrations"
  [1m[36mSQL (0.2ms)[0m  [1m SELECT name
 FROM sqlite_master
 WHERE type = 'table' AND NOT name = 'sqlite_sequence'
[0m
  [1m[35mSQL (0.1ms)[0m  PRAGMA index_list("places")
  [1m[36mSQL (0.1ms)[0m  [1mPRAGMA index_list("tours")[0m
  [1m[36mSQL (0.5ms)[0m  [1m SELECT name
 FROM sqlite_master
 WHERE type = 'table' AND NOT name = 'sqlite_sequence'
[0m
  [1m[35mSQL (0.2ms)[0m   SELECT name
 FROM sqlite_master
 WHERE type = 'table' AND NOT name = 'sqlite_sequence'
  [1m[36mSQL (0.2ms)[0m  [1mSELECT "schema_migrations"."version" FROM "schema_migrations"[0m
  [1m[35mSQL (0.2ms)[0m  select sqlite_version(*)
  [1m[36mSQL (0.4ms)[0m  [1m SELECT name
 FROM sqlite_master
 WHERE type = 'table' AND NOT name = 'sqlite_sequence'
[0m
  [1m[35mSQL (1.7ms)[0m  CREATE TABLE "places" ("id" INTEGER PRIMARY KEY AUTOINCREMENT NOT NULL, "name" varchar(255), "lat" varchar(255), "long" varchar(255), "created_at" datetime, "updated_at" datetime) 
  [1m[36mSQL (0.2ms)[0m  [1m SELECT name
 FROM sqlite_master
 WHERE type = 'table' AND NOT name = 'sqlite_sequence'
[0m
  [1m[35mSQL (2.8ms)[0m  CREATE TABLE "tours" ("id" INTEGER PRIMARY KEY AUTOINCREMENT NOT NULL, "name" varchar(255), "desc" varchar(255), "created_at" datetime, "updated_at" datetime) 
  [1m[36mSQL (0.3ms)[0m  [1m SELECT name
 FROM sqlite_master
 WHERE type = 'table' AND NOT name = 'sqlite_sequence'
[0m
  [1m[35mSQL (1.4ms)[0m  CREATE TABLE "schema_migrations" ("version" varchar(255) NOT NULL) 
  [1m[36mSQL (0.1ms)[0m  [1mPRAGMA index_list("schema_migrations")[0m
  [1m[35mSQL (2.7ms)[0m  CREATE UNIQUE INDEX "unique_schema_migrations" ON "schema_migrations" ("version")
  [1m[36mSQL (0.2ms)[0m  [1m SELECT name
 FROM sqlite_master
 WHERE type = 'table' AND NOT name = 'sqlite_sequence'
[0m
  [1m[35mSQL (0.1ms)[0m  SELECT version FROM "schema_migrations"
  [1m[36mSQL (3.3ms)[0m  [1mINSERT INTO "schema_migrations" (version) VALUES ('20110922124841')[0m
  [1m[35mSQL (1.0ms)[0m  INSERT INTO "schema_migrations" (version) VALUES ('20110922124706')
  [1m[36mSQL (0.6ms)[0m  [1m SELECT name
 FROM sqlite_master
 WHERE type = 'table' AND NOT name = 'sqlite_sequence'
[0m
  [1m[35mSQL (0.8ms)[0m   SELECT name
 FROM sqlite_master
 WHERE type = 'table' AND NOT name = 'sqlite_sequence'
  [1m[36mSQL (0.2ms)[0m  [1mSELECT "schema_migrations"."version" FROM "schema_migrations"[0m
  [1m[35mSQL (0.2ms)[0m   SELECT name
 FROM sqlite_master
 WHERE type = 'table' AND NOT name = 'sqlite_sequence'
  [1m[36mSQL (0.2ms)[0m  [1mSELECT "schema_migrations"."version" FROM "schema_migrations"[0m
Migrating to CreatePlaces (20110922124841)
  [1m[35mSQL (0.2ms)[0m  select sqlite_version(*)
  [1m[36mSQL (0.8ms)[0m  [1mDROP TABLE "places"[0m
  [1m[35mAREL (0.2ms)[0m  DELETE FROM "schema_migrations" WHERE "schema_migrations"."version" = '20110922124841'
  [1m[36mSQL (0.3ms)[0m  [1m SELECT name
 FROM sqlite_master
 WHERE type = 'table' AND NOT name = 'sqlite_sequence'
[0m
  [1m[35mSQL (0.1ms)[0m  SELECT "schema_migrations"."version" FROM "schema_migrations"
  [1m[36mSQL (0.2ms)[0m  [1m SELECT name
 FROM sqlite_master
 WHERE type = 'table' AND NOT name = 'sqlite_sequence'
[0m
  [1m[35mSQL (0.1ms)[0m  PRAGMA index_list("tours")
  [1m[36mSQL (0.5ms)[0m  [1m SELECT name
 FROM sqlite_master
 WHERE type = 'table' AND NOT name = 'sqlite_sequence'
[0m
  [1m[35mSQL (0.2ms)[0m   SELECT name
 FROM sqlite_master
 WHERE type = 'table' AND NOT name = 'sqlite_sequence'
  [1m[36mSQL (0.2ms)[0m  [1mSELECT "schema_migrations"."version" FROM "schema_migrations"[0m
Migrating to CreateTours (20110922124706)
Migrating to CreatePlaces (20110922124841)
  [1m[35mSQL (0.1ms)[0m  select sqlite_version(*)
  [1m[36mSQL (0.5ms)[0m  [1mCREATE TABLE "places" ("id" INTEGER PRIMARY KEY AUTOINCREMENT NOT NULL, "name" varchar(255), "lat" varchar(255), "long" varchar(255), "order" integer, "tour_id" integer, "created_at" datetime, "updated_at" datetime) [0m
  [1m[35mSQL (0.2ms)[0m  INSERT INTO "schema_migrations" ("version") VALUES ('20110922124841')
  [1m[36mSQL (0.3ms)[0m  [1m SELECT name
 FROM sqlite_master
 WHERE type = 'table' AND NOT name = 'sqlite_sequence'
[0m
  [1m[35mSQL (0.5ms)[0m  SELECT "schema_migrations"."version" FROM "schema_migrations"
  [1m[36mSQL (0.2ms)[0m  [1m SELECT name
 FROM sqlite_master
 WHERE type = 'table' AND NOT name = 'sqlite_sequence'
[0m
  [1m[35mSQL (0.1ms)[0m  PRAGMA index_list("places")
  [1m[36mSQL (0.1ms)[0m  [1mPRAGMA index_list("tours")[0m
DEPRECATION WARNING: config.action_view.debug_rjs will be removed in 3.1, from 3.1 onwards you will need to install prototype-rails to continue to use RJS templates . (called from service at /usr/local/lib/ruby/1.8/webrick/httpserver.rb:104)


Started GET "/tours/new" for 127.0.0.1 at Sun Sep 25 20:10:25 -0700 2011
  Processing by ToursController#new as HTML
Completed 500 Internal Server Error in 11ms

ArgumentError (Unknown key(s): dependant):
  app/models/tour.rb:4
  app/controllers/tours_controller.rb:27:in `new'

Rendered /usr/local/lib/ruby/gems/1.8/gems/actionpack-3.0.8/lib/action_dispatch/middleware/templates/rescues/_trace.erb (2.5ms)
Rendered /usr/local/lib/ruby/gems/1.8/gems/actionpack-3.0.8/lib/action_dispatch/middleware/templates/rescues/_request_and_response.erb (15.2ms)
Rendered /usr/local/lib/ruby/gems/1.8/gems/actionpack-3.0.8/lib/action_dispatch/middleware/templates/rescues/diagnostics.erb within rescues/layout (29.5ms)


Started GET "/tours/new" for 127.0.0.1 at Sun Sep 25 20:11:34 -0700 2011
  Processing by ToursController#new as HTML
Rendered tours/_form.html.erb (42.1ms)
Rendered tours/new.html.erb within layouts/application (56.0ms)
Completed 200 OK in 206ms (Views: 159.6ms | ActiveRecord: 0.0ms)


Started GET "/tours/new" for 127.0.0.1 at Sun Sep 25 20:13:16 -0700 2011
  Processing by ToursController#new as HTML
Rendered tours/_form.html.erb (19.4ms)
Rendered tours/new.html.erb within layouts/application (29.8ms)
Completed 200 OK in 61ms (Views: 43.1ms | ActiveRecord: 0.0ms)


Started POST "/tours" for 127.0.0.1 at Sun Sep 25 20:13:51 -0700 2011
  Processing by ToursController#create as HTML
  Parameters: {"commit"=>"Create Tour", "tour"=>{"name"=>"Drinking Tour", "desc"=>"It is amazing!!! So muh alcohol"}, "authenticity_token"=>"ylSF5nJREoUm/PXwKZuOVptamrZFyna74C/pwmUteB4=", "utf8"=>"✓"}
  [1m[36mSQL (0.3ms)[0m  [1m SELECT name
 FROM sqlite_master
 WHERE type = 'table' AND NOT name = 'sqlite_sequence'
[0m
  [1m[35mAREL (0.9ms)[0m  INSERT INTO "tours" ("created_at", "updated_at", "desc", "name") VALUES ('2011-09-26 03:13:52.040669', '2011-09-26 03:13:52.040669', 'It is amazing!!! So muh alcohol', 'Drinking Tour')
Redirected to http://localhost:3000/tours/1
Completed 302 Found in 149ms


Started GET "/tours/1" for 127.0.0.1 at Sun Sep 25 20:13:52 -0700 2011
  Processing by ToursController#show as HTML
  Parameters: {"id"=>"1"}
  [1m[36mTour Load (0.3ms)[0m  [1mSELECT "tours".* FROM "tours" WHERE "tours"."id" = 1 LIMIT 1[0m
Rendered tours/show.html.erb within layouts/application (15.1ms)
Completed 200 OK in 47ms (Views: 25.7ms | ActiveRecord: 1.6ms)


Started GET "/tours" for 127.0.0.1 at Sun Sep 25 20:13:55 -0700 2011
  Processing by ToursController#index as HTML
  [1m[35mTour Load (0.5ms)[0m  SELECT "tours".* FROM "tours"
Rendered tours/index.html.erb within layouts/application (19.9ms)
Completed 200 OK in 53ms (Views: 35.1ms | ActiveRecord: 0.5ms)


Started GET "/tours/new" for 127.0.0.1 at Sun Sep 25 20:13:58 -0700 2011
  Processing by ToursController#new as HTML
Rendered tours/_form.html.erb (19.5ms)
Rendered tours/new.html.erb within layouts/application (30.6ms)
Completed 200 OK in 69ms (Views: 46.7ms | ActiveRecord: 0.0ms)


Started POST "/tours" for 127.0.0.1 at Sun Sep 25 20:14:15 -0700 2011
  Processing by ToursController#create as HTML
  Parameters: {"commit"=>"Create Tour", "tour"=>{"name"=>"Site Seeting", "desc"=>"Space needle and other boring stuff"}, "authenticity_token"=>"ylSF5nJREoUm/PXwKZuOVptamrZFyna74C/pwmUteB4=", "utf8"=>"✓"}
  [1m[36mAREL (0.5ms)[0m  [1mINSERT INTO "tours" ("name", "created_at", "updated_at", "desc") VALUES ('Site Seeting', '2011-09-26 03:14:15.164758', '2011-09-26 03:14:15.164758', 'Space needle and other boring stuff')[0m
Redirected to http://localhost:3000/tours/2
Completed 302 Found in 52ms


Started GET "/tours/2" for 127.0.0.1 at Sun Sep 25 20:14:15 -0700 2011
  Processing by ToursController#show as HTML
  Parameters: {"id"=>"2"}
  [1m[35mTour Load (0.3ms)[0m  SELECT "tours".* FROM "tours" WHERE "tours"."id" = 2 LIMIT 1
Rendered tours/show.html.erb within layouts/application (13.9ms)
Completed 200 OK in 42ms (Views: 23.1ms | ActiveRecord: 0.3ms)


Started GET "/places/new" for 127.0.0.1 at Sun Sep 25 20:14:22 -0700 2011
  Processing by PlacesController#new as HTML
Rendered places/_form.html.erb (25.0ms)
Rendered places/new.html.erb within layouts/application (37.4ms)
Completed 200 OK in 189ms (Views: 50.9ms | ActiveRecord: 0.5ms)


Started GET "/places/new" for 127.0.0.1 at Sun Sep 25 20:14:27 -0700 2011
  Processing by PlacesController#new as HTML
Rendered places/_form.html.erb (23.7ms)
Rendered places/new.html.erb within layouts/application (33.5ms)
Completed 200 OK in 64ms (Views: 45.2ms | ActiveRecord: 0.0ms)
DEPRECATION WARNING: config.action_view.debug_rjs will be removed in 3.1, from 3.1 onwards you will need to install prototype-rails to continue to use RJS templates . (called from service at /usr/local/lib/ruby/1.8/webrick/httpserver.rb:104)


Started GET "/tours" for 127.0.0.1 at Sun Sep 25 20:17:42 -0700 2011
  Processing by ToursController#index as HTML
  [1m[36mTour Load (0.9ms)[0m  [1mSELECT "tours".* FROM "tours"[0m
Rendered tours/index.html.erb within layouts/application (32.1ms)
Completed 200 OK in 151ms (Views: 41.6ms | ActiveRecord: 0.9ms)


Started GET "/places/new" for 127.0.0.1 at Sun Sep 25 20:17:50 -0700 2011
  Processing by PlacesController#new as HTML
Rendered places/_form.html.erb (41.6ms)
Rendered places/new.html.erb within layouts/application (50.7ms)
Completed 200 OK in 77ms (Views: 60.3ms | ActiveRecord: 0.0ms)


Started POST "/places" for 127.0.0.1 at Sun Sep 25 20:18:24 -0700 2011
  Processing by PlacesController#create as HTML
  Parameters: {"commit"=>"Create Place", "authenticity_token"=>"ylSF5nJREoUm/PXwKZuOVptamrZFyna74C/pwmUteB4=", "utf8"=>"✓", "place"=>{"name"=>"Space Needle", "tour_id"=>"1", "order"=>"", "lat"=>"12", "long"=>"12"}}
  [1m[35mSQL (0.4ms)[0m   SELECT name
 FROM sqlite_master
 WHERE type = 'table' AND NOT name = 'sqlite_sequence'
  [1m[36mAREL (0.6ms)[0m  [1mINSERT INTO "places" ("lat", "created_at", "order", "long", "name", "tour_id", "updated_at") VALUES (NULL, '2011-09-26 03:18:24.672554', NULL, NULL, NULL, NULL, '2011-09-26 03:18:24.672554')[0m
Redirected to http://localhost:3000/places/1
Completed 302 Found in 164ms


Started GET "/places/1" for 127.0.0.1 at Sun Sep 25 20:18:24 -0700 2011
  Processing by PlacesController#show as HTML
  Parameters: {"id"=>"1"}
  [1m[35mPlace Load (0.3ms)[0m  SELECT "places".* FROM "places" WHERE "places"."id" = 1 ORDER BY places.order DESC LIMIT 1
SQLite3::SQLException: near "order": syntax error: SELECT  "places".* FROM "places" WHERE "places"."id" = 1 ORDER BY places.order DESC LIMIT 1
Completed 500 Internal Server Error in 24ms

ActiveRecord::StatementInvalid (SQLite3::SQLException: near "order": syntax error: SELECT  "places".* FROM "places" WHERE "places"."id" = 1 ORDER BY places.order DESC LIMIT 1):
  app/controllers/places_controller.rb:16:in `show'

Rendered /usr/local/lib/ruby/gems/1.8/gems/actionpack-3.0.8/lib/action_dispatch/middleware/templates/rescues/_trace.erb (7.6ms)
Rendered /usr/local/lib/ruby/gems/1.8/gems/actionpack-3.0.8/lib/action_dispatch/middleware/templates/rescues/_request_and_response.erb (38.8ms)
Rendered /usr/local/lib/ruby/gems/1.8/gems/actionpack-3.0.8/lib/action_dispatch/middleware/templates/rescues/diagnostics.erb within rescues/layout (63.4ms)


Started GET "/places" for 127.0.0.1 at Sun Sep 25 20:21:11 -0700 2011
  Processing by PlacesController#index as HTML
  [1m[36mPlace Load (0.2ms)[0m  [1mSELECT "places".* FROM "places" ORDER BY places.order DESC[0m
SQLite3::SQLException: near "order": syntax error: SELECT "places".* FROM "places" ORDER BY places.order DESC
Completed 500 Internal Server Error in 16ms

ActiveRecord::StatementInvalid (SQLite3::SQLException: near "order": syntax error: SELECT "places".* FROM "places" ORDER BY places.order DESC):
  app/controllers/places_controller.rb:5:in `index'

Rendered /usr/local/lib/ruby/gems/1.8/gems/actionpack-3.0.8/lib/action_dispatch/middleware/templates/rescues/_trace.erb (2.7ms)
Rendered /usr/local/lib/ruby/gems/1.8/gems/actionpack-3.0.8/lib/action_dispatch/middleware/templates/rescues/_request_and_response.erb (22.8ms)
Rendered /usr/local/lib/ruby/gems/1.8/gems/actionpack-3.0.8/lib/action_dispatch/middleware/templates/rescues/diagnostics.erb within rescues/layout (34.1ms)


Started GET "/places" for 127.0.0.1 at Sun Sep 25 20:21:16 -0700 2011
  Processing by PlacesController#index as HTML
  [1m[35mPlace Load (0.3ms)[0m  SELECT "places".* FROM "places" ORDER BY places.order DESC
SQLite3::SQLException: near "order": syntax error: SELECT "places".* FROM "places" ORDER BY places.order DESC
Completed 500 Internal Server Error in 107ms

ActiveRecord::StatementInvalid (SQLite3::SQLException: near "order": syntax error: SELECT "places".* FROM "places" ORDER BY places.order DESC):
  app/controllers/places_controller.rb:5:in `index'

Rendered /usr/local/lib/ruby/gems/1.8/gems/actionpack-3.0.8/lib/action_dispatch/middleware/templates/rescues/_trace.erb (2.5ms)
Rendered /usr/local/lib/ruby/gems/1.8/gems/actionpack-3.0.8/lib/action_dispatch/middleware/templates/rescues/_request_and_response.erb (23.8ms)
Rendered /usr/local/lib/ruby/gems/1.8/gems/actionpack-3.0.8/lib/action_dispatch/middleware/templates/rescues/diagnostics.erb within rescues/layout (33.9ms)


Started GET "/places" for 127.0.0.1 at Sun Sep 25 20:21:41 -0700 2011
  Processing by PlacesController#index as HTML
  [1m[36mPlace Load (0.6ms)[0m  [1mSELECT "places".* FROM "places" ORDER BY places.tour_id DESC[0m
Rendered places/index.html.erb within layouts/application (29.6ms)
Completed 200 OK in 65ms (Views: 40.9ms | ActiveRecord: 1.1ms)


Started GET "/places/new" for 127.0.0.1 at Sun Sep 25 20:21:44 -0700 2011
  Processing by PlacesController#new as HTML
Rendered places/_form.html.erb (51.4ms)
Rendered places/new.html.erb within layouts/application (62.0ms)
Completed 200 OK in 290ms (Views: 75.5ms | ActiveRecord: 0.0ms)


Started POST "/places" for 127.0.0.1 at Sun Sep 25 20:22:11 -0700 2011
  Processing by PlacesController#create as HTML
  Parameters: {"commit"=>"Create Place", "authenticity_token"=>"ylSF5nJREoUm/PXwKZuOVptamrZFyna74C/pwmUteB4=", "utf8"=>"✓", "place"=>{"name"=>"Space Needle", "tour_id"=>"2", "order"=>"1", "lat"=>"10", "long"=>"10"}}
  [1m[35mAREL (5045.5ms)[0m  INSERT INTO "places" ("tour_id", "created_at", "updated_at", "order", "name", "lat", "long") VALUES (NULL, '2011-09-26 03:22:11.460400', '2011-09-26 03:22:11.460400', NULL, NULL, NULL, NULL)
SQLite3::BusyException: database is locked: INSERT INTO "places" ("tour_id", "created_at", "updated_at", "order", "name", "lat", "long") VALUES (NULL, '2011-09-26 03:22:11.460400', '2011-09-26 03:22:11.460400', NULL, NULL, NULL, NULL)
Completed 500 Internal Server Error in 5085ms

ActiveRecord::StatementInvalid (SQLite3::BusyException: database is locked: INSERT INTO "places" ("tour_id", "created_at", "updated_at", "order", "name", "lat", "long") VALUES (NULL, '2011-09-26 03:22:11.460400', '2011-09-26 03:22:11.460400', NULL, NULL, NULL, NULL)):
  app/controllers/places_controller.rb:46:in `create'
  app/controllers/places_controller.rb:45:in `create'

Rendered /usr/local/lib/ruby/gems/1.8/gems/actionpack-3.0.8/lib/action_dispatch/middleware/templates/rescues/_trace.erb (3.2ms)
Rendered /usr/local/lib/ruby/gems/1.8/gems/actionpack-3.0.8/lib/action_dispatch/middleware/templates/rescues/_request_and_response.erb (29.2ms)
Rendered /usr/local/lib/ruby/gems/1.8/gems/actionpack-3.0.8/lib/action_dispatch/middleware/templates/rescues/diagnostics.erb within rescues/layout (41.4ms)
DEPRECATION WARNING: config.action_view.debug_rjs will be removed in 3.1, from 3.1 onwards you will need to install prototype-rails to continue to use RJS templates . (called from service at /usr/local/lib/ruby/1.8/webrick/httpserver.rb:104)


Started GET "/tours" for 127.0.0.1 at Sun Sep 25 21:20:18 -0700 2011
  Processing by ToursController#index as HTML
  [1m[36mTour Load (1.1ms)[0m  [1mSELECT "tours".* FROM "tours"[0m
Rendered tours/index.html.erb within layouts/application (26.5ms)
Completed 200 OK in 130ms (Views: 38.7ms | ActiveRecord: 1.1ms)


Started GET "/images/nav-border.gif" for 127.0.0.1 at Sun Sep 25 21:21:17 -0700 2011

ActionController::RoutingError (No route matches "/images/nav-border.gif"):
  

Rendered /usr/local/lib/ruby/gems/1.8/gems/actionpack-3.0.8/lib/action_dispatch/middleware/templates/rescues/routing_error.erb within rescues/layout (1.6ms)


Started GET "/testPage.html" for 127.0.0.1 at Sun Sep 25 21:34:59 -0700 2011

Errno::ENOENT (No such file or directory - /Users/dblais/workplace/friendInTown/config/locales/en.yml):
  

Rendered /usr/local/lib/ruby/gems/1.8/gems/actionpack-3.0.8/lib/action_dispatch/middleware/templates/rescues/_trace.erb (2.5ms)
Rendered /usr/local/lib/ruby/gems/1.8/gems/actionpack-3.0.8/lib/action_dispatch/middleware/templates/rescues/_request_and_response.erb (4.2ms)
Rendered /usr/local/lib/ruby/gems/1.8/gems/actionpack-3.0.8/lib/action_dispatch/middleware/templates/rescues/diagnostics.erb within rescues/layout (19.1ms)


Started GET "/railsMockup/testPage.html" for 127.0.0.1 at Sun Sep 25 21:35:45 -0700 2011

Errno::ENOENT (No such file or directory - /Users/dblais/workplace/friendInTown/config/locales/en.yml):
  

Rendered /usr/local/lib/ruby/gems/1.8/gems/actionpack-3.0.8/lib/action_dispatch/middleware/templates/rescues/_trace.erb (8.2ms)
Rendered /usr/local/lib/ruby/gems/1.8/gems/actionpack-3.0.8/lib/action_dispatch/middleware/templates/rescues/_request_and_response.erb (4.8ms)
Rendered /usr/local/lib/ruby/gems/1.8/gems/actionpack-3.0.8/lib/action_dispatch/middleware/templates/rescues/diagnostics.erb within rescues/layout (109.1ms)
DEPRECATION WARNING: config.action_view.debug_rjs will be removed in 3.1, from 3.1 onwards you will need to install prototype-rails to continue to use RJS templates . (called from service at /usr/local/lib/ruby/1.8/webrick/httpserver.rb:104)


Started GET "/%5CtestPage.html" for 127.0.0.1 at Sun Sep 25 21:36:22 -0700 2011

ActionController::RoutingError (No route matches "/%5CtestPage.html"):
  

Rendered /usr/local/lib/ruby/gems/1.8/gems/actionpack-3.0.8/lib/action_dispatch/middleware/templates/rescues/routing_error.erb within rescues/layout (1.9ms)
  [1m[36mSQL (0.5ms)[0m  [1m SELECT name
 FROM sqlite_master
 WHERE type = 'table' AND NOT name = 'sqlite_sequence'
[0m
  [1m[35mSQL (0.1ms)[0m   SELECT name
 FROM sqlite_master
 WHERE type = 'table' AND NOT name = 'sqlite_sequence'
  [1m[36mSQL (0.1ms)[0m  [1mSELECT "schema_migrations"."version" FROM "schema_migrations"[0m
Migrating to CreateTours (20110922124706)
Migrating to CreatePlaces (20110922124841)
  [1m[35mSQL (0.0ms)[0m  select sqlite_version(*)
  [1m[36mSQL (0.1ms)[0m  [1m SELECT name
 FROM sqlite_master
 WHERE type = 'table' AND NOT name = 'sqlite_sequence'
[0m
  [1m[35mSQL (0.1ms)[0m  SELECT "schema_migrations"."version" FROM "schema_migrations"
  [1m[36mSQL (0.1ms)[0m  [1m SELECT name
 FROM sqlite_master
 WHERE type = 'table' AND NOT name = 'sqlite_sequence'
[0m
  [1m[35mSQL (0.1ms)[0m  PRAGMA index_list("places")
  [1m[36mSQL (0.0ms)[0m  [1mPRAGMA index_list("tours")[0m
  [1m[36mSQL (0.5ms)[0m  [1m SELECT name
 FROM sqlite_master
 WHERE type = 'table' AND NOT name = 'sqlite_sequence'
[0m
  [1m[35mSQL (0.1ms)[0m   SELECT name
 FROM sqlite_master
 WHERE type = 'table' AND NOT name = 'sqlite_sequence'
  [1m[36mSQL (0.1ms)[0m  [1mSELECT "schema_migrations"."version" FROM "schema_migrations"[0m
  [1m[35mSQL (0.3ms)[0m  select sqlite_version(*)
  [1m[36mSQL (0.1ms)[0m  [1m SELECT name
 FROM sqlite_master
 WHERE type = 'table' AND NOT name = 'sqlite_sequence'
[0m
  [1m[35mSQL (1.1ms)[0m  CREATE TABLE "places" ("id" INTEGER PRIMARY KEY AUTOINCREMENT NOT NULL, "name" varchar(255), "lat" varchar(255), "long" varchar(255), "order" integer, "tour_id" integer, "created_at" datetime, "updated_at" datetime) 
  [1m[36mSQL (0.1ms)[0m  [1m SELECT name
 FROM sqlite_master
 WHERE type = 'table' AND NOT name = 'sqlite_sequence'
[0m
  [1m[35mSQL (0.9ms)[0m  CREATE TABLE "tours" ("id" INTEGER PRIMARY KEY AUTOINCREMENT NOT NULL, "name" varchar(255), "desc" varchar(255), "created_at" datetime, "updated_at" datetime) 
  [1m[36mSQL (0.1ms)[0m  [1m SELECT name
 FROM sqlite_master
 WHERE type = 'table' AND NOT name = 'sqlite_sequence'
[0m
  [1m[35mSQL (0.8ms)[0m  CREATE TABLE "schema_migrations" ("version" varchar(255) NOT NULL) 
  [1m[36mSQL (0.1ms)[0m  [1mPRAGMA index_list("schema_migrations")[0m
  [1m[35mSQL (1.1ms)[0m  CREATE UNIQUE INDEX "unique_schema_migrations" ON "schema_migrations" ("version")
  [1m[36mSQL (0.2ms)[0m  [1m SELECT name
 FROM sqlite_master
 WHERE type = 'table' AND NOT name = 'sqlite_sequence'
[0m
  [1m[35mSQL (0.1ms)[0m  SELECT version FROM "schema_migrations"
  [1m[36mSQL (1.4ms)[0m  [1mINSERT INTO "schema_migrations" (version) VALUES ('20110922124841')[0m
  [1m[35mSQL (0.9ms)[0m  INSERT INTO "schema_migrations" (version) VALUES ('20110922124706')
